<?xml version="1.0" encoding="UTF-8"?>
<testng-results skipped="0" failed="0" total="2" passed="2">
  <reporter-output>
    <line>
      <![CDATA[This is test 1]]>
    </line>
  </reporter-output>
  <suite name="Suite" duration-ms="10" started-at="2015-06-05T17:14:26Z" finished-at="2015-06-05T17:14:26Z">
    <groups>
    </groups>
    <test name="Test" duration-ms="10" started-at="2015-06-05T17:14:26Z" finished-at="2015-06-05T17:14:26Z">
      <class name="test_jenkins_config.Test1">
        <test-method status="PASS" signature="beforeSuite()[pri:0, instance:test_jenkins_config.Test1@1c78066]" name="beforeSuite" is-config="true" duration-ms="10" started-at="2015-06-05T22:44:26Z" finished-at="2015-06-05T22:44:26Z">
          <reporter-output>
          </reporter-output>
        </test-method> <!-- beforeSuite -->
        <test-method status="PASS" signature="beforeClass()[pri:0, instance:test_jenkins_config.Test1@1c78066]" name="beforeClass" is-config="true" duration-ms="0" started-at="2015-06-05T22:44:26Z" finished-at="2015-06-05T22:44:26Z">
          <reporter-output>
          </reporter-output>
        </test-method> <!-- beforeClass -->
        <test-method status="PASS" signature="beforeTest()[pri:0, instance:test_jenkins_config.Test1@1c78066]" name="beforeTest" is-config="true" duration-ms="0" started-at="2015-06-05T22:44:26Z" finished-at="2015-06-05T22:44:26Z">
          <reporter-output>
          </reporter-output>
        </test-method> <!-- beforeTest -->
        <test-method status="PASS" signature="beforeMethod()[pri:0, instance:test_jenkins_config.Test1@1c78066]" name="beforeMethod" is-config="true" duration-ms="0" started-at="2015-06-05T22:44:26Z" finished-at="2015-06-05T22:44:26Z">
          <reporter-output>
          </reporter-output>
        </test-method> <!-- beforeMethod -->
        <test-method status="PASS" signature="f()[pri:0, instance:test_jenkins_config.Test1@1c78066]" name="f" duration-ms="0" started-at="2015-06-05T22:44:26Z" finished-at="2015-06-05T22:44:26Z">
          <reporter-output>
            <line>
              <![CDATA[This is test 1]]>
            </line>
          </reporter-output>
        </test-method> <!-- f -->
        <test-method status="PASS" signature="afterMethod()[pri:0, instance:test_jenkins_config.Test1@1c78066]" name="afterMethod" is-config="true" duration-ms="0" started-at="2015-06-05T22:44:26Z" finished-at="2015-06-05T22:44:26Z">
          <reporter-output>
          </reporter-output>
        </test-method> <!-- afterMethod -->
        <test-method status="PASS" signature="afterTest()[pri:0, instance:test_jenkins_config.Test1@1c78066]" name="afterTest" is-config="true" duration-ms="0" started-at="2015-06-05T22:44:26Z" finished-at="2015-06-05T22:44:26Z">
          <reporter-output>
          </reporter-output>
        </test-method> <!-- afterTest -->
        <test-method status="PASS" signature="f2()[pri:0, instance:test_jenkins_config.Test1@1c78066]" name="f2" duration-ms="0" started-at="2015-06-05T22:44:26Z" finished-at="2015-06-05T22:44:26Z">
          <reporter-output>
          </reporter-output>
        </test-method> <!-- f2 -->
        <test-method status="PASS" signature="afterMethod()[pri:0, instance:test_jenkins_config.Test1@1c78066]" name="afterMethod" is-config="true" duration-ms="0" started-at="2015-06-05T22:44:26Z" finished-at="2015-06-05T22:44:26Z">
          <reporter-output>
          </reporter-output>
        </test-method> <!-- afterMethod -->
        <test-method status="PASS" signature="beforeMethod()[pri:0, instance:test_jenkins_config.Test1@1c78066]" name="beforeMethod" is-config="true" duration-ms="0" started-at="2015-06-05T22:44:26Z" finished-at="2015-06-05T22:44:26Z">
          <reporter-output>
          </reporter-output>
        </test-method> <!-- beforeMethod -->
        <test-method status="PASS" signature="afterClass()[pri:0, instance:test_jenkins_config.Test1@1c78066]" name="afterClass" is-config="true" duration-ms="0" started-at="2015-06-05T22:44:26Z" finished-at="2015-06-05T22:44:26Z">
          <reporter-output>
          </reporter-output>
        </test-method> <!-- afterClass -->
        <test-method status="PASS" signature="afterSuite()[pri:0, instance:test_jenkins_config.Test1@1c78066]" name="afterSuite" is-config="true" duration-ms="0" started-at="2015-06-05T22:44:26Z" finished-at="2015-06-05T22:44:26Z">
          <reporter-output>
          </reporter-output>
        </test-method> <!-- afterSuite -->
      </class> <!-- test_jenkins_config.Test1 -->
    </test> <!-- Test -->
  </suite> <!-- Suite -->
</testng-results>
