<?xml version="1.0" encoding="UTF-8"?>
<testng-results skipped="0" failed="0" total="2" passed="2">
  <reporter-output>
  </reporter-output>
  <suite name="Suite" duration-ms="16" started-at="2015-06-02T04:50:20Z" finished-at="2015-06-02T04:50:20Z">
    <groups>
    </groups>
    <test name="Test" duration-ms="16" started-at="2015-06-02T04:50:20Z" finished-at="2015-06-02T04:50:20Z">
      <class name="test_jenkins_config.Sample">
        <test-method status="PASS" signature="beforeSuite()[pri:0, instance:test_jenkins_config.Sample@ffc1c]" name="beforeSuite" is-config="true" duration-ms="15" started-at="2015-06-02T10:20:20Z" finished-at="2015-06-02T10:20:20Z">
          <reporter-output>
          </reporter-output>
        </test-method> <!-- beforeSuite -->
        <test-method status="PASS" signature="beforeMethod()[pri:0, instance:test_jenkins_config.Sample@ffc1c]" name="beforeMethod" is-config="true" duration-ms="0" started-at="2015-06-02T10:20:20Z" finished-at="2015-06-02T10:20:20Z">
          <reporter-output>
          </reporter-output>
        </test-method> <!-- beforeMethod -->
        <test-method status="PASS" signature="beforeClass()[pri:0, instance:test_jenkins_config.Sample@ffc1c]" name="beforeClass" is-config="true" duration-ms="0" started-at="2015-06-02T10:20:20Z" finished-at="2015-06-02T10:20:20Z">
          <reporter-output>
          </reporter-output>
        </test-method> <!-- beforeClass -->
        <test-method status="PASS" signature="f()[pri:0, instance:test_jenkins_config.Sample@ffc1c]" name="f" duration-ms="16" started-at="2015-06-02T10:20:20Z" finished-at="2015-06-02T10:20:20Z">
          <reporter-output>
          </reporter-output>
        </test-method> <!-- f -->
        <test-method status="PASS" signature="beforeTest()[pri:0, instance:test_jenkins_config.Sample@ffc1c]" name="beforeTest" is-config="true" duration-ms="0" started-at="2015-06-02T10:20:20Z" finished-at="2015-06-02T10:20:20Z">
          <reporter-output>
          </reporter-output>
        </test-method> <!-- beforeTest -->
        <test-method status="PASS" signature="afterMethod()[pri:0, instance:test_jenkins_config.Sample@ffc1c]" name="afterMethod" is-config="true" duration-ms="0" started-at="2015-06-02T10:20:20Z" finished-at="2015-06-02T10:20:20Z">
          <reporter-output>
          </reporter-output>
        </test-method> <!-- afterMethod -->
        <test-method status="PASS" signature="afterClass()[pri:0, instance:test_jenkins_config.Sample@ffc1c]" name="afterClass" is-config="true" duration-ms="0" started-at="2015-06-02T10:20:20Z" finished-at="2015-06-02T10:20:20Z">
          <reporter-output>
          </reporter-output>
        </test-method> <!-- afterClass -->
        <test-method status="PASS" signature="beforeMethod()[pri:0, instance:test_jenkins_config.Sample@ffc1c]" name="beforeMethod" is-config="true" duration-ms="0" started-at="2015-06-02T10:20:20Z" finished-at="2015-06-02T10:20:20Z">
          <reporter-output>
          </reporter-output>
        </test-method> <!-- beforeMethod -->
        <test-method status="PASS" signature="afterMethod()[pri:0, instance:test_jenkins_config.Sample@ffc1c]" name="afterMethod" is-config="true" duration-ms="0" started-at="2015-06-02T10:20:20Z" finished-at="2015-06-02T10:20:20Z">
          <reporter-output>
          </reporter-output>
        </test-method> <!-- afterMethod -->
        <test-method status="PASS" signature="f2()[pri:0, instance:test_jenkins_config.Sample@ffc1c]" name="f2" duration-ms="0" started-at="2015-06-02T10:20:20Z" finished-at="2015-06-02T10:20:20Z">
          <reporter-output>
          </reporter-output>
        </test-method> <!-- f2 -->
        <test-method status="PASS" signature="afterTest()[pri:0, instance:test_jenkins_config.Sample@ffc1c]" name="afterTest" is-config="true" duration-ms="0" started-at="2015-06-02T10:20:20Z" finished-at="2015-06-02T10:20:20Z">
          <reporter-output>
          </reporter-output>
        </test-method> <!-- afterTest -->
        <test-method status="PASS" signature="afterSuite()[pri:0, instance:test_jenkins_config.Sample@ffc1c]" name="afterSuite" is-config="true" duration-ms="0" started-at="2015-06-02T10:20:20Z" finished-at="2015-06-02T10:20:20Z">
          <reporter-output>
          </reporter-output>
        </test-method> <!-- afterSuite -->
      </class> <!-- test_jenkins_config.Sample -->
    </test> <!-- Test -->
  </suite> <!-- Suite -->
</testng-results>
