<?xml version="1.0" encoding="UTF-8"?>
<testng-results skipped="0" failed="0" total="1" passed="1">
  <reporter-output>
  </reporter-output>
  <suite name="Default suite" duration-ms="31" started-at="2015-06-05T16:22:57Z" finished-at="2015-06-05T16:22:57Z">
    <groups>
    </groups>
    <test name="Default test" duration-ms="31" started-at="2015-06-05T16:22:57Z" finished-at="2015-06-05T16:22:57Z">
      <class name="test_jenkins_config.Test2">
        <test-method status="PASS" signature="f_test()[pri:0, instance:test_jenkins_config.Test2@1ab5d6d]" name="f_test" duration-ms="16" started-at="2015-06-05T21:52:57Z" finished-at="2015-06-05T21:52:57Z">
          <reporter-output>
          </reporter-output>
        </test-method> <!-- f_test -->
      </class> <!-- test_jenkins_config.Test2 -->
    </test> <!-- Default test -->
  </suite> <!-- Default suite -->
</testng-results>
